[33m╷[0m[0m
[33m│[0m [0m[1m[33mWarning: [0m[0m[1mDeprecated Parameter[0m
[33m│[0m [0m
[33m│[0m [0m[0mThe parameter "dynamodb_table" is deprecated. Use parameter "use_lockfile" instead.
[33m╵[0m[0m
Acquiring state lock. This may take a few moments...

Terraform used the selected providers to generate the following execution
plan. Resource actions are indicated with the following symbols:
  [32m+[0m create[0m

Terraform will perform the following actions:

[1m  # aws_instance.iac_lab_instance[0m will be created
[0m  [32m+[0m[0m resource "aws_instance" "iac_lab_instance" {
      [32m+[0m[0m ami                                  = "resolve:ssm:/aws/service/ami-amazon-linux-latest/al2023-ami-kernel-default-x86_64"
      [32m+[0m[0m arn                                  = (known after apply)
      [32m+[0m[0m associate_public_ip_address          = (known after apply)
      [32m+[0m[0m availability_zone                    = (known after apply)
      [32m+[0m[0m disable_api_stop                     = (known after apply)
      [32m+[0m[0m disable_api_termination              = (known after apply)
      [32m+[0m[0m ebs_optimized                        = (known after apply)
      [32m+[0m[0m enable_primary_ipv6                  = (known after apply)
      [32m+[0m[0m force_destroy                        = false
      [32m+[0m[0m get_password_data                    = false
      [32m+[0m[0m host_id                              = (known after apply)
      [32m+[0m[0m host_resource_group_arn              = (known after apply)
      [32m+[0m[0m iam_instance_profile                 = (known after apply)
      [32m+[0m[0m id                                   = (known after apply)
      [32m+[0m[0m instance_initiated_shutdown_behavior = (known after apply)
      [32m+[0m[0m instance_lifecycle                   = (known after apply)
      [32m+[0m[0m instance_state                       = (known after apply)
      [32m+[0m[0m instance_type                        = "t3.micro"
      [32m+[0m[0m ipv6_address_count                   = (known after apply)
      [32m+[0m[0m ipv6_addresses                       = (known after apply)
      [32m+[0m[0m key_name                             = "sostene-iac-lab-ssh-key"
      [32m+[0m[0m monitoring                           = (known after apply)
      [32m+[0m[0m outpost_arn                          = (known after apply)
      [32m+[0m[0m password_data                        = (known after apply)
      [32m+[0m[0m placement_group                      = (known after apply)
      [32m+[0m[0m placement_group_id                   = (known after apply)
      [32m+[0m[0m placement_partition_number           = (known after apply)
      [32m+[0m[0m primary_network_interface_id         = (known after apply)
      [32m+[0m[0m private_dns                          = (known after apply)
      [32m+[0m[0m private_ip                           = (known after apply)
      [32m+[0m[0m public_dns                           = (known after apply)
      [32m+[0m[0m public_ip                            = (known after apply)
      [32m+[0m[0m region                               = "us-east-1"
      [32m+[0m[0m secondary_private_ips                = (known after apply)
      [32m+[0m[0m security_groups                      = (known after apply)
      [32m+[0m[0m source_dest_check                    = true
      [32m+[0m[0m spot_instance_request_id             = (known after apply)
      [32m+[0m[0m subnet_id                            = (known after apply)
      [32m+[0m[0m tags                                 = {
          [32m+[0m[0m "Name"  = "sostene-iac-lab-ec2-instance"
          [32m+[0m[0m "Owner" = "Sostene"
        }
      [32m+[0m[0m tags_all                             = {
          [32m+[0m[0m "Name"  = "sostene-iac-lab-ec2-instance"
          [32m+[0m[0m "Owner" = "Sostene"
        }
      [32m+[0m[0m tenancy                              = (known after apply)
      [32m+[0m[0m user_data_base64                     = (known after apply)
      [32m+[0m[0m user_data_replace_on_change          = false
      [32m+[0m[0m vpc_security_group_ids               = (known after apply)

      [32m+[0m[0m capacity_reservation_specification (known after apply)

      [32m+[0m[0m cpu_options (known after apply)

      [32m+[0m[0m ebs_block_device (known after apply)

      [32m+[0m[0m enclave_options (known after apply)

      [32m+[0m[0m ephemeral_block_device (known after apply)

      [32m+[0m[0m instance_market_options (known after apply)

      [32m+[0m[0m maintenance_options (known after apply)

      [32m+[0m[0m metadata_options (known after apply)

      [32m+[0m[0m network_interface (known after apply)

      [32m+[0m[0m primary_network_interface (known after apply)

      [32m+[0m[0m private_dns_name_options (known after apply)

      [32m+[0m[0m root_block_device (known after apply)

      [32m+[0m[0m secondary_network_interface (known after apply)
    }

[1m  # aws_internet_gateway.igw[0m will be created
[0m  [32m+[0m[0m resource "aws_internet_gateway" "igw" {
      [32m+[0m[0m arn      = (known after apply)
      [32m+[0m[0m id       = (known after apply)
      [32m+[0m[0m owner_id = (known after apply)
      [32m+[0m[0m region   = "us-east-1"
      [32m+[0m[0m tags     = {
          [32m+[0m[0m "Name"  = "sostene-iac-lab-igw"
          [32m+[0m[0m "Owner" = "Sostene"
        }
      [32m+[0m[0m tags_all = {
          [32m+[0m[0m "Name"  = "sostene-iac-lab-igw"
          [32m+[0m[0m "Owner" = "Sostene"
        }
      [32m+[0m[0m vpc_id   = (known after apply)
    }

[1m  # aws_key_pair.ssh_key[0m will be created
[0m  [32m+[0m[0m resource "aws_key_pair" "ssh_key" {
      [32m+[0m[0m arn             = (known after apply)
      [32m+[0m[0m fingerprint     = (known after apply)
      [32m+[0m[0m id              = (known after apply)
      [32m+[0m[0m key_name        = "sostene-iac-lab-ssh-key"
      [32m+[0m[0m key_name_prefix = (known after apply)
      [32m+[0m[0m key_pair_id     = (known after apply)
      [32m+[0m[0m key_type        = (known after apply)
      [32m+[0m[0m public_key      = "ssh-rsa AAAAB3NzaC1yc2EAAAADAQABAAACAQCvhXf510fjcok5bkBHADRuPojA1pdOA3EgRJRSWbPFYi9QhdT7tDgOwNKI+n/aOB23/skEt1j/gTAL2rQZuHJ9IAylV9kBauBgUrTi9t146Myw2z1nkqt1BG8ChczR6ciSh4El4Ne0gYPVrghZUQL1NLIUWazq6w1FIP85+eYXr/YByOF5HnDFoI0+/j//77dmQq+cjFb+IGE74Pv9c3bJBYt6hOfrHKlKkquLB70pu2TmTaRdHbRlJbdGl7puBpflEhrEY6/bu2DVCVkYMAprH/6pMduM+H0w5xfdQmZzDEgtBNPiMXI6rvrlZTtPG5lxRWbtR+v23JTKDCjERLrzWxe2oWnS9g3xwtld7QOxRJVkDJx/3HMmaH9TSESYjFbaNBwnV1iatkFv0F8ZDtllkiaZOPu3PMRNg1I306oCH4s8mUs9OhYxxKHG3YKN5nmjofSdH5F7AiDzH+W+UAZveDwAcyVq/nQLh+bh3z4va7L6INyxV6IuCoLBZFJ69z20l5e7DU3rF0sIFMVOr31gkmkobZ+Po0hnrMWEvj6kMTJx/pT+m86nMv7KjVewhAoiXYJUli2l4BPucgpcJ2MqwcCPtRw9FTZapbP6NVWmDKDSnVppyZCA3Q80glhZHVdmCHkYGreo7YmWF1VP8frKd389ChId5ln/WekusIlLEQ== iac-lab-ssh-key"
      [32m+[0m[0m region          = "us-east-1"
      [32m+[0m[0m tags            = {
          [32m+[0m[0m "Name"  = "sostene-iac-lab-ssh-key"
          [32m+[0m[0m "Owner" = "Sostene"
        }
      [32m+[0m[0m tags_all        = {
          [32m+[0m[0m "Name"  = "sostene-iac-lab-ssh-key"
          [32m+[0m[0m "Owner" = "Sostene"
        }
    }

[1m  # aws_route_table.public_rt[0m will be created
[0m  [32m+[0m[0m resource "aws_route_table" "public_rt" {
      [32m+[0m[0m arn              = (known after apply)
      [32m+[0m[0m id               = (known after apply)
      [32m+[0m[0m owner_id         = (known after apply)
      [32m+[0m[0m propagating_vgws = (known after apply)
      [32m+[0m[0m region           = "us-east-1"
      [32m+[0m[0m route            = [
          [32m+[0m[0m {
              [32m+[0m[0m cidr_block                 = "0.0.0.0/0"
              [32m+[0m[0m gateway_id                 = (known after apply)
                [90m# (12 unchanged attributes hidden)[0m[0m
            },
        ]
      [32m+[0m[0m tags             = {
          [32m+[0m[0m "Name"  = "sostene-iac-lab-public-rt"
          [32m+[0m[0m "Owner" = "Sostene"
        }
      [32m+[0m[0m tags_all         = {
          [32m+[0m[0m "Name"  = "sostene-iac-lab-public-rt"
          [32m+[0m[0m "Owner" = "Sostene"
        }
      [32m+[0m[0m vpc_id           = (known after apply)
    }

[1m  # aws_route_table_association.public_assoc[0m will be created
[0m  [32m+[0m[0m resource "aws_route_table_association" "public_assoc" {
      [32m+[0m[0m id             = (known after apply)
      [32m+[0m[0m region         = "us-east-1"
      [32m+[0m[0m route_table_id = (known after apply)
      [32m+[0m[0m subnet_id      = (known after apply)
    }

[1m  # aws_security_group.sg[0m will be created
[0m  [32m+[0m[0m resource "aws_security_group" "sg" {
      [32m+[0m[0m arn                    = (known after apply)
      [32m+[0m[0m description            = "Allow SSH from my IP and HTTP from anywhere"
      [32m+[0m[0m egress                 = (known after apply)
      [32m+[0m[0m id                     = (known after apply)
      [32m+[0m[0m ingress                = (known after apply)
      [32m+[0m[0m name                   = "sostene-iac-lab-sg"
      [32m+[0m[0m name_prefix            = (known after apply)
      [32m+[0m[0m owner_id               = (known after apply)
      [32m+[0m[0m region                 = "us-east-1"
      [32m+[0m[0m revoke_rules_on_delete = false
      [32m+[0m[0m tags                   = {
          [32m+[0m[0m "Name"  = "sostene-iac-lab-sg"
          [32m+[0m[0m "Owner" = "Sostene"
        }
      [32m+[0m[0m tags_all               = {
          [32m+[0m[0m "Name"  = "sostene-iac-lab-sg"
          [32m+[0m[0m "Owner" = "Sostene"
        }
      [32m+[0m[0m vpc_id                 = (known after apply)
    }

[1m  # aws_subnet.public_subnet[0m will be created
[0m  [32m+[0m[0m resource "aws_subnet" "public_subnet" {
      [32m+[0m[0m arn                                            = (known after apply)
      [32m+[0m[0m assign_ipv6_address_on_creation                = false
      [32m+[0m[0m availability_zone                              = "us-east-1a"
      [32m+[0m[0m availability_zone_id                           = (known after apply)
      [32m+[0m[0m cidr_block                                     = "10.0.1.0/24"
      [32m+[0m[0m enable_dns64                                   = false
      [32m+[0m[0m enable_resource_name_dns_a_record_on_launch    = false
      [32m+[0m[0m enable_resource_name_dns_aaaa_record_on_launch = false
      [32m+[0m[0m id                                             = (known after apply)
      [32m+[0m[0m ipv6_cidr_block                                = (known after apply)
      [32m+[0m[0m ipv6_cidr_block_association_id                 = (known after apply)
      [32m+[0m[0m ipv6_native                                    = false
      [32m+[0m[0m map_public_ip_on_launch                        = true
      [32m+[0m[0m owner_id                                       = (known after apply)
      [32m+[0m[0m private_dns_hostname_type_on_launch            = (known after apply)
      [32m+[0m[0m region                                         = "us-east-1"
      [32m+[0m[0m tags                                           = {
          [32m+[0m[0m "Name"  = "sostene-iac-lab-public-subnet"
          [32m+[0m[0m "Owner" = "Sostene"
        }
      [32m+[0m[0m tags_all                                       = {
          [32m+[0m[0m "Name"  = "sostene-iac-lab-public-subnet"
          [32m+[0m[0m "Owner" = "Sostene"
        }
      [32m+[0m[0m vpc_id                                         = (known after apply)
    }

[1m  # aws_vpc.main[0m will be created
[0m  [32m+[0m[0m resource "aws_vpc" "main" {
      [32m+[0m[0m arn                                  = (known after apply)
      [32m+[0m[0m cidr_block                           = "10.0.0.0/16"
      [32m+[0m[0m default_network_acl_id               = (known after apply)
      [32m+[0m[0m default_route_table_id               = (known after apply)
      [32m+[0m[0m default_security_group_id            = (known after apply)
      [32m+[0m[0m dhcp_options_id                      = (known after apply)
      [32m+[0m[0m enable_dns_hostnames                 = true
      [32m+[0m[0m enable_dns_support                   = true
      [32m+[0m[0m enable_network_address_usage_metrics = (known after apply)
      [32m+[0m[0m id                                   = (known after apply)
      [32m+[0m[0m instance_tenancy                     = "default"
      [32m+[0m[0m ipv6_association_id                  = (known after apply)
      [32m+[0m[0m ipv6_cidr_block                      = (known after apply)
      [32m+[0m[0m ipv6_cidr_block_network_border_group = (known after apply)
      [32m+[0m[0m main_route_table_id                  = (known after apply)
      [32m+[0m[0m owner_id                             = (known after apply)
      [32m+[0m[0m region                               = "us-east-1"
      [32m+[0m[0m tags                                 = {
          [32m+[0m[0m "Name"  = "sostene-iac-lab-vpc"
          [32m+[0m[0m "Owner" = "Sostene"
        }
      [32m+[0m[0m tags_all                             = {
          [32m+[0m[0m "Name"  = "sostene-iac-lab-vpc"
          [32m+[0m[0m "Owner" = "Sostene"
        }
    }

[1m  # aws_vpc_security_group_egress_rule.allow_all_traffic_ipv4[0m will be created
[0m  [32m+[0m[0m resource "aws_vpc_security_group_egress_rule" "allow_all_traffic_ipv4" {
      [32m+[0m[0m arn                    = (known after apply)
      [32m+[0m[0m cidr_ipv4              = "0.0.0.0/0"
      [32m+[0m[0m id                     = (known after apply)
      [32m+[0m[0m ip_protocol            = "-1"
      [32m+[0m[0m region                 = "us-east-1"
      [32m+[0m[0m security_group_id      = (known after apply)
      [32m+[0m[0m security_group_rule_id = (known after apply)
      [32m+[0m[0m tags                   = {
          [32m+[0m[0m "Name"  = "sostene-iac-lab-allow-all-egress"
          [32m+[0m[0m "Owner" = "Sostene"
        }
      [32m+[0m[0m tags_all               = {
          [32m+[0m[0m "Name"  = "sostene-iac-lab-allow-all-egress"
          [32m+[0m[0m "Owner" = "Sostene"
        }
    }

[1m  # aws_vpc_security_group_ingress_rule.allow_http[0m will be created
[0m  [32m+[0m[0m resource "aws_vpc_security_group_ingress_rule" "allow_http" {
      [32m+[0m[0m arn                    = (known after apply)
      [32m+[0m[0m cidr_ipv4              = "0.0.0.0/0"
      [32m+[0m[0m from_port              = 80
      [32m+[0m[0m id                     = (known after apply)
      [32m+[0m[0m ip_protocol            = "tcp"
      [32m+[0m[0m region                 = "us-east-1"
      [32m+[0m[0m security_group_id      = (known after apply)
      [32m+[0m[0m security_group_rule_id = (known after apply)
      [32m+[0m[0m tags                   = {
          [32m+[0m[0m "Name"  = "sostene-iac-lab-allow-http"
          [32m+[0m[0m "Owner" = "Sostene"
        }
      [32m+[0m[0m tags_all               = {
          [32m+[0m[0m "Name"  = "sostene-iac-lab-allow-http"
          [32m+[0m[0m "Owner" = "Sostene"
        }
      [32m+[0m[0m to_port                = 80
    }

[1m  # aws_vpc_security_group_ingress_rule.allow_ssh[0m will be created
[0m  [32m+[0m[0m resource "aws_vpc_security_group_ingress_rule" "allow_ssh" {
      [32m+[0m[0m arn                    = (known after apply)
      [32m+[0m[0m cidr_ipv4              = "0.0.0.0/0"
      [32m+[0m[0m from_port              = 22
      [32m+[0m[0m id                     = (known after apply)
      [32m+[0m[0m ip_protocol            = "tcp"
      [32m+[0m[0m region                 = "us-east-1"
      [32m+[0m[0m security_group_id      = (known after apply)
      [32m+[0m[0m security_group_rule_id = (known after apply)
      [32m+[0m[0m tags                   = {
          [32m+[0m[0m "Name"  = "sostene-iac-lab-allow-ssh"
          [32m+[0m[0m "Owner" = "Sostene"
        }
      [32m+[0m[0m tags_all               = {
          [32m+[0m[0m "Name"  = "sostene-iac-lab-allow-ssh"
          [32m+[0m[0m "Owner" = "Sostene"
        }
      [32m+[0m[0m to_port                = 22
    }

[1mPlan:[0m [0m11 to add, 0 to change, 0 to destroy.

Changes to Outputs:
  [32m+[0m[0m ec2_instance_id        = (known after apply)
  [32m+[0m[0m ec2_instance_public_ip = (known after apply)
  [32m+[0m[0m public_subnet_id       = (known after apply)
  [32m+[0m[0m security_group_id      = (known after apply)
  [32m+[0m[0m vpc_id                 = (known after apply)
[90m
─────────────────────────────────────────────────────────────────────────────[0m

Note: You didn't use the -out option to save this plan, so Terraform can't
guarantee to take exactly these actions if you run "terraform apply" now.
Releasing state lock. This may take a few moments...
